<!DOCTYPE html PUBLIC "-//W3C//DTD XHTML 1.1//EN" "https://www.w3.org/TR/xhtml11/DTD/xhtml11.dtd">
<html xmlns="https://www.w3.org/1999/xhtml">
<head>
<meta http-equiv="content-type" content="text/html; charset=UTF-8"/>
<title>TestNG Report</title>
<style type="text/css">table {margin-bottom:10px;border-collapse:collapse;empty-cells:show}th,td {border:1px solid #009;padding:.25em .5em}th {vertical-align:bottom}td {vertical-align:top}table a {font-weight:bold}.stripe td {background-color: #E6EBF9}.num {text-align:right}.passedodd td {background-color: #3F3}.passedeven td {background-color: #0A0}.skippedodd td {background-color: #DDD}.skippedeven td {background-color: #CCC}.failedodd td,.attn {background-color: #F33}.failedeven td,.stripe .attn {background-color: #D00}.stacktrace {white-space:pre;font-family:monospace}.totop {font-size:85%;text-align:center;border-bottom:2px solid #000}.invisible {display:none}</style>
</head>
<body>
<table>
<tr><th>Test</th><th># Passed</th><th># Skipped</th><th># Retried</th><th># Failed</th><th>Time (ms)</th><th>Included Groups</th><th>Excluded Groups</th></tr>
<tr><th colspan="8">Surefire suite</th></tr>
<tr><td><a href="#t0">Surefire test</a></td><td class="num">0</td><td class="num attn">24</td><td class="num">0</td><td class="num">0</td><td class="num">2,990</td><td></td><td></td></tr>
</table>
<table id='summary'><thead><tr><th>Class</th><th>Method</th><th>Start</th><th>Time (ms)</th></tr></thead><tbody><tr><th colspan="4">Surefire suite</th></tr></tbody><tbody id="t0"><tr><th colspan="4">Surefire test &#8212; failed (configuration methods)</th></tr><tr class="failedeven"><td rowspan="1">demo.TestNgMultibrowserDemo</td><td><a href="#m0">setUp</a></td><td rowspan="1">1698840705562</td><td rowspan="1">-1698840705562</td></tr><tr><th colspan="4">Surefire test &#8212; skipped (configuration methods)</th></tr><tr class="skippedeven"><td rowspan="1">demo.TestNgMultibrowserDemo</td><td><a href="#m1">tearDown</a></td><td rowspan="1">1698840708537</td><td rowspan="1">0</td></tr><tr><th colspan="4">Surefire test &#8212; skipped</th></tr><tr class="skippedeven"><td rowspan="1">demo.Test1</td><td><a href="#m2">test1</a></td><td rowspan="1">1698840708141</td><td rowspan="1">0</td></tr><tr class="skippedodd"><td rowspan="3">demo.TestNGDependencyDemo</td><td><a href="#m3">test1</a></td><td rowspan="1">1698840708509</td><td rowspan="1">1</td></tr><tr class="skippedodd"><td><a href="#m4">test2</a></td><td rowspan="1">1698840708494</td><td rowspan="1">0</td></tr><tr class="skippedodd"><td><a href="#m5">test3</a></td><td rowspan="1">1698840708504</td><td rowspan="1">0</td></tr><tr class="skippedeven"><td rowspan="4">demo.TestNGGroupsDemo</td><td><a href="#m6">test1</a></td><td rowspan="1">1698840708484</td><td rowspan="1">0</td></tr><tr class="skippedeven"><td><a href="#m7">test2</a></td><td rowspan="1">1698840708497</td><td rowspan="1">0</td></tr><tr class="skippedeven"><td><a href="#m8">test3</a></td><td rowspan="1">1698840708513</td><td rowspan="1">0</td></tr><tr class="skippedeven"><td><a href="#m9">test4</a></td><td rowspan="1">1698840708522</td><td rowspan="1">0</td></tr><tr class="skippedodd"><td rowspan="2">demo.TestNGIgnoreDemo</td><td><a href="#m10">test1</a></td><td rowspan="1">1698840708488</td><td rowspan="1">0</td></tr><tr class="skippedodd"><td><a href="#m11">test2</a></td><td rowspan="1">1698840708499</td><td rowspan="1">0</td></tr><tr class="skippedeven"><td rowspan="1">demo.TestNGParametersDemo</td><td><a href="#m12">test</a></td><td rowspan="1">1698840705697</td><td rowspan="1">1</td></tr><tr class="skippedodd"><td rowspan="3">demo.TestNGPrioritydemo</td><td><a href="#m13">one</a></td><td rowspan="1">1698840705639</td><td rowspan="1">1</td></tr><tr class="skippedodd"><td><a href="#m14">three</a></td><td rowspan="1">1698840708533</td><td rowspan="1">0</td></tr><tr class="skippedodd"><td><a href="#m15">two</a></td><td rowspan="1">1698840708536</td><td rowspan="1">0</td></tr><tr class="skippedeven"><td rowspan="3">demo.TestNGRetryfailedDemo</td><td><a href="#m16">test1</a></td><td rowspan="1">1698840708491</td><td rowspan="1">0</td></tr><tr class="skippedeven"><td><a href="#m17">test2</a></td><td rowspan="1">1698840708500</td><td rowspan="1">0</td></tr><tr class="skippedeven"><td><a href="#m18">test3</a></td><td rowspan="1">1698840708515</td><td rowspan="1">0</td></tr><tr class="skippedodd"><td rowspan="1">demo.TestNgMultibrowserDemo</td><td><a href="#m19">test1</a></td><td rowspan="1">1698840708489</td><td rowspan="1">0</td></tr><tr class="skippedeven"><td rowspan="3">listeners.TestNGListenerDemo</td><td><a href="#m20">test1</a></td><td rowspan="1">1698840708492</td><td rowspan="1">0</td></tr><tr class="skippedeven"><td><a href="#m21">test2</a></td><td rowspan="1">1698840708501</td><td rowspan="1">1</td></tr><tr class="skippedeven"><td><a href="#m22">test3</a></td><td rowspan="1">1698840708517</td><td rowspan="1">0</td></tr><tr class="skippedodd"><td rowspan="3">listeners.TestNGListenerDemo2</td><td><a href="#m23">test4</a></td><td rowspan="1">1698840708525</td><td rowspan="1">0</td></tr><tr class="skippedodd"><td><a href="#m24">test5</a></td><td rowspan="1">1698840708529</td><td rowspan="1">0</td></tr><tr class="skippedodd"><td><a href="#m25">test6</a></td><td rowspan="1">1698840708531</td><td rowspan="1">0</td></tr></tbody>
</table>
<h2>Surefire test</h2><h3 id="m0">demo.TestNgMultibrowserDemo#setUp</h3><table class="result"><tr><th>Exception</th></tr><tr><td><div class="stacktrace">org.testng.TestNGException: 
Parameter &apos;browserName&apos; is required by BeforeTest on method setUp but has not been marked @Optional or defined

... Removed 26 stack frames</div></td></tr></table><p class="totop"><a href="#summary">back to summary</a></p>
<h3 id="m1">demo.TestNgMultibrowserDemo#tearDown</h3><table class="result"><tr><th class="invisible"/></tr></table><p class="totop"><a href="#summary">back to summary</a></p>
<h3 id="m2">demo.Test1#test1</h3><table class="result"><tr><th>Exception</th></tr><tr><td><div class="stacktrace">org.testng.TestNGException: 
Parameter &apos;browserName&apos; is required by BeforeTest on method setUp but has not been marked @Optional or defined

... Removed 26 stack frames</div></td></tr></table><p class="totop"><a href="#summary">back to summary</a></p>
<h3 id="m3">demo.TestNGDependencyDemo#test1</h3><table class="result"><tr><th>Exception</th></tr><tr><td><div class="stacktrace">java.lang.Throwable: Method TestNGDependencyDemo.test1()[pri:0, instance:demo.TestNGDependencyDemo@78123e82] depends on not successfully finished methods in group &quot;sanity.*&quot;
	at java.base/java.util.ArrayList.forEach(ArrayList.java:1511)
... Removed 23 stack frames</div></td></tr></table><p class="totop"><a href="#summary">back to summary</a></p>
<h3 id="m4">demo.TestNGDependencyDemo#test2</h3><table class="result"><tr><th>Exception</th></tr><tr><td><div class="stacktrace">org.testng.TestNGException: 
Parameter &apos;browserName&apos; is required by BeforeTest on method setUp but has not been marked @Optional or defined

... Removed 26 stack frames</div></td></tr></table><p class="totop"><a href="#summary">back to summary</a></p>
<h3 id="m5">demo.TestNGDependencyDemo#test3</h3><table class="result"><tr><th>Exception</th></tr><tr><td><div class="stacktrace">org.testng.TestNGException: 
Parameter &apos;browserName&apos; is required by BeforeTest on method setUp but has not been marked @Optional or defined

... Removed 26 stack frames</div></td></tr></table><p class="totop"><a href="#summary">back to summary</a></p>
<h3 id="m6">demo.TestNGGroupsDemo#test1</h3><table class="result"><tr><th>Exception</th></tr><tr><td><div class="stacktrace">org.testng.TestNGException: 
Parameter &apos;browserName&apos; is required by BeforeTest on method setUp but has not been marked @Optional or defined

... Removed 26 stack frames</div></td></tr></table><p class="totop"><a href="#summary">back to summary</a></p>
<h3 id="m7">demo.TestNGGroupsDemo#test2</h3><table class="result"><tr><th>Exception</th></tr><tr><td><div class="stacktrace">org.testng.TestNGException: 
Parameter &apos;browserName&apos; is required by BeforeTest on method setUp but has not been marked @Optional or defined

... Removed 26 stack frames</div></td></tr></table><p class="totop"><a href="#summary">back to summary</a></p>
<h3 id="m8">demo.TestNGGroupsDemo#test3</h3><table class="result"><tr><th>Exception</th></tr><tr><td><div class="stacktrace">org.testng.TestNGException: 
Parameter &apos;browserName&apos; is required by BeforeTest on method setUp but has not been marked @Optional or defined

... Removed 26 stack frames</div></td></tr></table><p class="totop"><a href="#summary">back to summary</a></p>
<h3 id="m9">demo.TestNGGroupsDemo#test4</h3><table class="result"><tr><th>Exception</th></tr><tr><td><div class="stacktrace">org.testng.TestNGException: 
Parameter &apos;browserName&apos; is required by BeforeTest on method setUp but has not been marked @Optional or defined

... Removed 26 stack frames</div></td></tr></table><p class="totop"><a href="#summary">back to summary</a></p>
<h3 id="m10">demo.TestNGIgnoreDemo#test1</h3><table class="result"><tr><th>Exception</th></tr><tr><td><div class="stacktrace">org.testng.TestNGException: 
Parameter &apos;browserName&apos; is required by BeforeTest on method setUp but has not been marked @Optional or defined

... Removed 26 stack frames</div></td></tr></table><p class="totop"><a href="#summary">back to summary</a></p>
<h3 id="m11">demo.TestNGIgnoreDemo#test2</h3><table class="result"><tr><th>Exception</th></tr><tr><td><div class="stacktrace">org.testng.TestNGException: 
Parameter &apos;browserName&apos; is required by BeforeTest on method setUp but has not been marked @Optional or defined

... Removed 26 stack frames</div></td></tr></table><p class="totop"><a href="#summary">back to summary</a></p>
<h3 id="m12">demo.TestNGParametersDemo#test</h3><table class="result"><tr class="param"><th>Parameter #1</th></tr><tr class="param stripe"><td>Rami</td></tr><tr><th>Exception</th></tr><tr><td><div class="stacktrace">org.testng.TestNGException: 
Parameter &apos;browserName&apos; is required by BeforeTest on method setUp but has not been marked @Optional or defined

... Removed 26 stack frames</div></td></tr></table><p class="totop"><a href="#summary">back to summary</a></p>
<h3 id="m13">demo.TestNGPrioritydemo#one</h3><table class="result"><tr><th>Exception</th></tr><tr><td><div class="stacktrace">org.testng.TestNGException: 
Parameter &apos;browserName&apos; is required by BeforeTest on method setUp but has not been marked @Optional or defined

... Removed 26 stack frames</div></td></tr></table><p class="totop"><a href="#summary">back to summary</a></p>
<h3 id="m14">demo.TestNGPrioritydemo#three</h3><table class="result"><tr><th>Exception</th></tr><tr><td><div class="stacktrace">org.testng.TestNGException: 
Parameter &apos;browserName&apos; is required by BeforeTest on method setUp but has not been marked @Optional or defined

... Removed 26 stack frames</div></td></tr></table><p class="totop"><a href="#summary">back to summary</a></p>
<h3 id="m15">demo.TestNGPrioritydemo#two</h3><table class="result"><tr><th>Exception</th></tr><tr><td><div class="stacktrace">org.testng.TestNGException: 
Parameter &apos;browserName&apos; is required by BeforeTest on method setUp but has not been marked @Optional or defined

... Removed 26 stack frames</div></td></tr></table><p class="totop"><a href="#summary">back to summary</a></p>
<h3 id="m16">demo.TestNGRetryfailedDemo#test1</h3><table class="result"><tr><th>Exception</th></tr><tr><td><div class="stacktrace">org.testng.TestNGException: 
Parameter &apos;browserName&apos; is required by BeforeTest on method setUp but has not been marked @Optional or defined

... Removed 26 stack frames</div></td></tr></table><p class="totop"><a href="#summary">back to summary</a></p>
<h3 id="m17">demo.TestNGRetryfailedDemo#test2</h3><table class="result"><tr><th>Exception</th></tr><tr><td><div class="stacktrace">org.testng.TestNGException: 
Parameter &apos;browserName&apos; is required by BeforeTest on method setUp but has not been marked @Optional or defined

... Removed 26 stack frames</div></td></tr></table><p class="totop"><a href="#summary">back to summary</a></p>
<h3 id="m18">demo.TestNGRetryfailedDemo#test3</h3><table class="result"><tr><th>Exception</th></tr><tr><td><div class="stacktrace">org.testng.TestNGException: 
Parameter &apos;browserName&apos; is required by BeforeTest on method setUp but has not been marked @Optional or defined

... Removed 26 stack frames</div></td></tr></table><p class="totop"><a href="#summary">back to summary</a></p>
<h3 id="m19">demo.TestNgMultibrowserDemo#test1</h3><table class="result"><tr><th>Exception</th></tr><tr><td><div class="stacktrace">org.testng.TestNGException: 
Parameter &apos;browserName&apos; is required by BeforeTest on method setUp but has not been marked @Optional or defined

... Removed 26 stack frames</div></td></tr></table><p class="totop"><a href="#summary">back to summary</a></p>
<h3 id="m20">listeners.TestNGListenerDemo#test1</h3><table class="result"><tr><th>Exception</th></tr><tr><td><div class="stacktrace">org.testng.TestNGException: 
Parameter &apos;browserName&apos; is required by BeforeTest on method setUp but has not been marked @Optional or defined

... Removed 26 stack frames</div></td></tr></table><p class="totop"><a href="#summary">back to summary</a></p>
<h3 id="m21">listeners.TestNGListenerDemo#test2</h3><table class="result"><tr><th>Exception</th></tr><tr><td><div class="stacktrace">org.testng.TestNGException: 
Parameter &apos;browserName&apos; is required by BeforeTest on method setUp but has not been marked @Optional or defined

... Removed 26 stack frames</div></td></tr></table><p class="totop"><a href="#summary">back to summary</a></p>
<h3 id="m22">listeners.TestNGListenerDemo#test3</h3><table class="result"><tr><th>Exception</th></tr><tr><td><div class="stacktrace">org.testng.TestNGException: 
Parameter &apos;browserName&apos; is required by BeforeTest on method setUp but has not been marked @Optional or defined

... Removed 26 stack frames</div></td></tr></table><p class="totop"><a href="#summary">back to summary</a></p>
<h3 id="m23">listeners.TestNGListenerDemo2#test4</h3><table class="result"><tr><th>Exception</th></tr><tr><td><div class="stacktrace">org.testng.TestNGException: 
Parameter &apos;browserName&apos; is required by BeforeTest on method setUp but has not been marked @Optional or defined

... Removed 26 stack frames</div></td></tr></table><p class="totop"><a href="#summary">back to summary</a></p>
<h3 id="m24">listeners.TestNGListenerDemo2#test5</h3><table class="result"><tr><th>Exception</th></tr><tr><td><div class="stacktrace">org.testng.TestNGException: 
Parameter &apos;browserName&apos; is required by BeforeTest on method setUp but has not been marked @Optional or defined

... Removed 26 stack frames</div></td></tr></table><p class="totop"><a href="#summary">back to summary</a></p>
<h3 id="m25">listeners.TestNGListenerDemo2#test6</h3><table class="result"><tr><th>Exception</th></tr><tr><td><div class="stacktrace">org.testng.TestNGException: 
Parameter &apos;browserName&apos; is required by BeforeTest on method setUp but has not been marked @Optional or defined

... Removed 26 stack frames</div></td></tr></table><p class="totop"><a href="#summary">back to summary</a></p>
</body>
</html>
